<?xml version="1.0" encoding="UTF-8"?>
<!-- Generated by org.testng.reporters.JUnitXMLReporter -->
<testsuite hostname="ENGLON146394L" ignored="0" name="Default test" tests="3" failures="0" timestamp="2020-05-09T15:56:40 CEST" time="75.235" errors="0">
  <testcase name="validateTitle" time="5.232" classname="com.qa.tests.LoginPageRemoteTest"/>
  <testcase name="validateSignUpLinkDisplayed" time="12.894" classname="com.qa.tests.LoginPageRemoteTest"/>
  <testcase name="validateLogin" time="13.524" classname="com.qa.tests.LoginPageRemoteTest"/>
</testsuite> <!-- Default test -->
