<?xml version="1.0" encoding="UTF-8"?>
<!-- Generated by org.testng.reporters.JUnitXMLReporter -->
<testsuite hostname="ENGLON146394L" ignored="0" name="SauceLabs Test Cases" tests="3" failures="0" timestamp="2020-05-09T17:00:11 CEST" time="176.916" errors="0">
  <testcase name="validateTitle" time="17.909" classname="com.qa.tests.LoginPageRemoteTest"/>
  <testcase name="validateSignUpLinkDisplayed" time="18.659" classname="com.qa.tests.LoginPageRemoteTest"/>
  <testcase name="validateLogin" time="29.581" classname="com.qa.tests.LoginPageRemoteTest"/>
</testsuite> <!-- SauceLabs Test Cases -->
