<?xml version="1.0" encoding="UTF-8"?>
<!-- Generated by org.testng.reporters.JUnitXMLReporter -->
<testsuite hostname="ENGLON146394L" ignored="0" name="HubSpot_Regression_Test_Cases" tests="3" failures="0" timestamp="2020-05-09T16:23:40 CEST" time="217.63" errors="0">
  <testcase name="validateTitle" time="12.535" classname="com.qa.tests.LoginPageRemoteTest"/>
  <testcase name="validateSignUpLinkDisplayed" time="15.066" classname="com.qa.tests.LoginPageRemoteTest"/>
  <testcase name="validateLogin" time="29.712" classname="com.qa.tests.LoginPageRemoteTest"/>
</testsuite> <!-- HubSpot_Regression_Test_Cases -->
